[ERR!] cwd  : C:\kouvarisgit\NbgOpenNodeApi\BankOpenNodeTsApi\OBPNodeTsApi
[ERR!] os   : Windows_NT 10.0.10240
[ERR!] argv : "C:\\Program Files\\nodejs\\node.exe" "C:\\Users\\e40496\\AppData\\Roaming\\npm\\node_modules\\tsd\\build\\cli.js" "install" "connect-ensure-login" "--save"
[ERR!] node : v4.0.0
[ERR!] tsd  : 0.6.5
[ERR!] Error: Unexpected token c
[ERR!] CODE : undefined
[ERR!] Unexpected token c
[ERR!] If you need help, you may report this error at:
    https://github.com/DefinitelyTyped/tsd/issues

[ERR!] 
SyntaxError: Unexpected token c
    at Object.parse (native)
    at parseJson (C:\Users\e40496\AppData\Roaming\npm\node_modules\tsd\build\xm\fileIO.js:30:21)
    at Object.readJSONSync (C:\Users\e40496\AppData\Roaming\npm\node_modules\tsd\build\xm\fileIO.js:41:12)
    at Context.stackSettings (C:\Users\e40496\AppData\Roaming\npm\node_modules\tsd\build\tsd\context\Context.js:34:44)
    at new Context (C:\Users\e40496\AppData\Roaming\npm\node_modules\tsd\build\tsd\context\Context.js:19:14)
    at getContext (C:\Users\e40496\AppData\Roaming\npm\node_modules\tsd\build\tsd\CLI.js:65:23)
    at C:\Users\e40496\AppData\Roaming\npm\node_modules\tsd\build\tsd\CLI.js:85:20
    at tryCatch1 (C:\Users\e40496\AppData\Roaming\npm\node_modules\tsd\node_modules\bluebird\js\main\util.js:63:19)
    at Promise$_callHandler [as _callHandler] (C:\Users\e40496\AppData\Roaming\npm\node_modules\tsd\node_modules\bluebird\js\main\promise.js:695:13)
    at Promise$_settlePromiseFromHandler [as _settlePromiseFromHandler] (C:\Users\e40496\AppData\Roaming\npm\node_modules\tsd\node_modules\bluebird\js\main\promise.js:711:18)

[ERR!] tsd.json: {"version":"v4","repo":"borisyankov/DefinitelyTyped","ref":"master","path":"typings","bundle":"typings/tsd.d.ts","installed":{"q/Q.d.ts":{"commit":"dbb2d9f1f1f0e50a3530dcfc02944f492be246dd"},"serve-static/serve-static.d.ts":{"commit":"dbb2d9f1f1f0e50a3530dcfc02944f492be246dd"},"express/express.d.ts":{"commit":"dbb2d9f1f1f0e50a3530dcfc02944f492be246dd"},"body-parser/body-parser.d.ts":{"commit":"dbb2d9f1f1f0e50a3530dcfc02944f492be246dd"},"mime/mime.d.ts":{"commit":"dbb2d9f1f1f0e50a3530dcfc02944f492be246dd"},"express-serve-static-core/express-serve-static-core.d.ts":{"commit":"dbb2d9f1f1f0e50a3530dcfc02944f492be246dd"},"mongoose/mongoose.d.ts":{"commit":"544a35a10866b32afda9c7f029c0764558563f4f"},"errorhandler/errorhandler.d.ts":{"commit":"dbb2d9f1f1f0e50a3530dcfc02944f492be246dd"},"serve-favicon/serve-favicon.d.ts":{"commit":"dbb2d9f1f1f0e50a3530dcfc02944f492be246dd"},"morgan/morgan.d.ts":{"commit":"dbb2d9f1f1f0e50a3530dcfc02944f492be246dd"},"config/config.d.ts":{"commit":"dbb2d9f1f1f0e50a3530dcfc02944f492be246dd"},"passport/passport.d.ts":{"commit":"dbb2d9f1f1f0e50a3530dcfc02944f492be246dd"},"cookie-parser/cookie-parser.d.ts":{"commit":"dbb2d9f1f1f0e50a3530dcfc02944f492be246dd"},"request-ip/request-ip.d.ts":{"commit":"dbb2d9f1f1f0e50a3530dcfc02944f492be246dd"},"request/request.d.ts":{"commit":"dbb2d9f1f1f0e50a3530dcfc02944f492be246dd"},"form-data/form-data.d.ts":{"commit":"dbb2d9f1f1f0e50a3530dcfc02944f492be246dd"},"validator/validator.d.ts":{"commit":"ec9eb4b28c74665a602c22db3457f0a76fa0fa23"},"mongoose-deep-populate/mongoose-deep-populate.d.ts":{"commit":"544a35a10866b32afda9c7f029c0764558563f4f"},"node/node.d.ts":{"commit":"544a35a10866b32afda9c7f029c0764558563f4f"}}}

[ERR!] .tsdrc could not be retrieved

[ERR!] Please include the following file with any support request:
    C:\kouvarisgit\NbgOpenNodeApi\BankOpenNodeTsApi\OBPNodeTsApi\tsd-debug.log

